[debug] [2024-12-01T12:53:53.995Z] ----------------------------------------------------------------------
[debug] [2024-12-01T12:53:53.998Z] Command:       C:\Program Files\nodejs\node.exe C:\Users\sarda\AppData\Roaming\npm\node_modules\firebase-tools\lib\bin\firebase.js init
[debug] [2024-12-01T12:53:53.998Z] CLI Version:   13.27.0
[debug] [2024-12-01T12:53:53.999Z] Platform:      win32
[debug] [2024-12-01T12:53:53.999Z] Node Version:  v20.17.0
[debug] [2024-12-01T12:53:53.999Z] Time:          Sun Dec 01 2024 16:53:53 GMT+0400 (Armenia Standard Time)
[debug] [2024-12-01T12:53:53.999Z] ----------------------------------------------------------------------
[debug] 
[debug] [2024-12-01T12:53:54.005Z] > command requires scopes: ["email","openid","https://www.googleapis.com/auth/cloudplatformprojects.readonly","https://www.googleapis.com/auth/firebase","https://www.googleapis.com/auth/cloud-platform"]
[debug] [2024-12-01T12:53:54.006Z] > authorizing via signed-in user (sardaryanhrant@gmail.com)
[info] 
     ######## #### ########  ######## ########     ###     ######  ########
     ##        ##  ##     ## ##       ##     ##  ##   ##  ##       ##
     ######    ##  ########  ######   ########  #########  ######  ######
     ##        ##  ##    ##  ##       ##     ## ##     ##       ## ##
     ##       #### ##     ## ######## ########  ##     ##  ######  ########

You're about to initialize a Firebase project in this directory:

  D:\web\BirdNet

[info] 
=== Project Setup
[info] 
[info] First, let's associate this project directory with a Firebase project.
[info] You can create multiple project aliases by running firebase use --add, 
[info] but for now we'll just set up a default project.
[info] 
[debug] [2024-12-01T12:54:10.207Z] Checked if tokens are valid: true, expires at: 1733061000990
[debug] [2024-12-01T12:54:10.207Z] Checked if tokens are valid: true, expires at: 1733061000990
[debug] [2024-12-01T12:54:10.209Z] >>> [apiv2][query] GET https://firebase.googleapis.com/v1beta1/projects pageSize=100
[debug] [2024-12-01T12:54:10.898Z] <<< [apiv2][status] GET https://firebase.googleapis.com/v1beta1/projects 200
[debug] [2024-12-01T12:54:10.898Z] <<< [apiv2][body] GET https://firebase.googleapis.com/v1beta1/projects [omitted]
[info] i  Using project birdnet-a0fff (BirdNet) 
[info] 
=== Hosting Setup
[debug] [2024-12-01T12:54:19.214Z] Checked if tokens are valid: true, expires at: 1733061000990
[debug] [2024-12-01T12:54:19.214Z] Checked if tokens are valid: true, expires at: 1733061000990
[debug] [2024-12-01T12:54:19.215Z] >>> [apiv2][query] GET https://firebase.googleapis.com/v1beta1/projects/birdnet-a0fff [none]
[debug] [2024-12-01T12:54:19.808Z] <<< [apiv2][status] GET https://firebase.googleapis.com/v1beta1/projects/birdnet-a0fff 200
[debug] [2024-12-01T12:54:19.808Z] <<< [apiv2][body] GET https://firebase.googleapis.com/v1beta1/projects/birdnet-a0fff {"projectId":"birdnet-a0fff","projectNumber":"357557193923","displayName":"BirdNet","name":"projects/birdnet-a0fff","resources":{"hostingSite":"birdnet-a0fff"},"state":"ACTIVE","etag":"1_16bb7cd7-56cc-4130-974b-5f65b979302e"}
[info] 
[info] Your public directory is the folder (relative to your project directory) that
[info] will contain Hosting assets to be uploaded with firebase deploy. If you
[info] have a build process for your assets, use your build's output directory.
[info] 
[debug] [2024-12-01T12:56:29.169Z] >>> [apiv2][query] GET https://www.gstatic.com/firebasejs/releases.json [none]
[debug] [2024-12-01T12:56:29.532Z] <<< [apiv2][status] GET https://www.gstatic.com/firebasejs/releases.json 200
[debug] [2024-12-01T12:56:29.532Z] <<< [apiv2][body] GET https://www.gstatic.com/firebasejs/releases.json {"current":{"version":"11.0.2","browserURL":"https://www.gstatic.com/firebasejs/11.0.2/firebase.js","packageURL":"https://www.gstatic.com/firebasejs/11.0.2/firebase.tgz"},"live":{"version":"11.0","browserURL":"https://www.gstatic.com/firebasejs/live/11.0/firebase.js","packageURL":"https://www.gstatic.com/firebasejs/live/11.0/firebase.tgz"},"components":{"analytics":"https://www.gstatic.com/firebasejs/11.0.2/firebase-analytics.js","app":"https://www.gstatic.com/firebasejs/11.0.2/firebase-app.js","app-check":"https://www.gstatic.com/firebasejs/11.0.2/firebase-app-check.js","auth":"https://www.gstatic.com/firebasejs/11.0.2/firebase-auth.js","auth/cordova":"https://www.gstatic.com/firebasejs/11.0.2/firebase-auth/cordova.js","auth/web-extension":"https://www.gstatic.com/firebasejs/11.0.2/firebase-auth/web-extension.js","functions":"https://www.gstatic.com/firebasejs/11.0.2/firebase-functions.js","firestore":"https://www.gstatic.com/firebasejs/11.0.2/firebase-firestore.js","firestore/lite":"https://www.gstatic.com/firebasejs/11.0.2/firebase-firestore/lite.js","installations":"https://www.gstatic.com/firebasejs/11.0.2/firebase-installations.js","storage":"https://www.gstatic.com/firebasejs/11.0.2/firebase-storage.js","performance":"https://www.gstatic.com/firebasejs/11.0.2/firebase-performance.js","remote-config":"https://www.gstatic.com/firebasejs/11.0.2/firebase-remote-config.js","messaging":"https://www.gstatic.com/firebasejs/11.0.2/firebase-messaging.js","messaging/sw":"https://www.gstatic.com/firebasejs/11.0.2/firebase-messaging/sw.js","database":"https://www.gstatic.com/firebasejs/11.0.2/firebase-database.js","vertexai":"https://www.gstatic.com/firebasejs/11.0.2/firebase-vertexai.js","data-connect":"https://www.gstatic.com/firebasejs/11.0.2/firebase-data-connect.js","firestore.memory":"https://www.gstatic.com/firebasejs/11.0.2/firebase-firestore.memory.js"}}
[info] +  Wrote dist/bird-net/index.html 
[info] 
[info] i  Detected a .git folder at D:\web\BirdNet 
[info] i  Authorizing with GitHub to upload your service account to a GitHub repository's secrets store. 
[info] 
[info] Visit this URL on this device to log in:
[info] https://github.com/login/oauth/authorize?client_id=89cf50f02ac6aaed3484&state=588286741&redirect_uri=http%3A%2F%2Flocalhost%3A9005&scope=read%3Auser%20repo%20public_repo
[info] 
[info] Waiting for authentication...
[debug] [2024-12-01T12:57:00.805Z] >>> [apiv2][query] POST https://github.com/login/oauth/access_token [none]
[debug] [2024-12-01T12:57:00.805Z] >>> [apiv2][body] POST https://github.com/login/oauth/access_token [stream]
[debug] [2024-12-01T12:57:01.177Z] <<< [apiv2][status] POST https://github.com/login/oauth/access_token 200
[debug] [2024-12-01T12:57:01.177Z] <<< [apiv2][body] POST https://github.com/login/oauth/access_token {"access_token":"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","token_type":"bearer","scope":"read:user,repo"}
[debug] [2024-12-01T12:57:01.181Z] >>> [apiv2][query] GET https://api.github.com/user [none]
[debug] [2024-12-01T12:57:01.796Z] <<< [apiv2][status] GET https://api.github.com/user 200
[debug] [2024-12-01T12:57:01.797Z] <<< [apiv2][body] GET https://api.github.com/user {"login":"sardarhrant","id":92159145,"node_id":"U_kgDOBX48qQ","avatar_url":"https://avatars.githubusercontent.com/u/92159145?v=4","gravatar_id":"","url":"https://api.github.com/users/sardarhrant","html_url":"https://github.com/sardarhrant","followers_url":"https://api.github.com/users/sardarhrant/followers","following_url":"https://api.github.com/users/sardarhrant/following{/other_user}","gists_url":"https://api.github.com/users/sardarhrant/gists{/gist_id}","starred_url":"https://api.github.com/users/sardarhrant/starred{/owner}{/repo}","subscriptions_url":"https://api.github.com/users/sardarhrant/subscriptions","organizations_url":"https://api.github.com/users/sardarhrant/orgs","repos_url":"https://api.github.com/users/sardarhrant/repos","events_url":"https://api.github.com/users/sardarhrant/events{/privacy}","received_events_url":"https://api.github.com/users/sardarhrant/received_events","type":"User","user_view_type":"private","site_admin":false,"name":null,"company":null,"blog":"","location":null,"email":null,"hireable":null,"bio":null,"twitter_username":null,"notification_email":null,"public_repos":17,"public_gists":0,"followers":1,"following":0,"created_at":"2021-10-08T11:11:55Z","updated_at":"2024-07-19T09:09:17Z","private_gists":0,"total_private_repos":5,"owned_private_repos":5,"disk_usage":11218,"collaborators":1,"two_factor_authentication":false,"plan":{"name":"free","space":976562499,"collaborators":0,"private_repos":10000}}
[info] 
[info] +  Success! Logged into GitHub as sardarhrant 
[info] 
[debug] [2024-12-01T12:58:11.310Z] >>> [apiv2][query] GET https://api.github.com/repos/BirdNet-Web/actions/secrets/public-key type=owner
[debug] [2024-12-01T12:58:11.544Z] <<< [apiv2][status] GET https://api.github.com/repos/BirdNet-Web/actions/secrets/public-key 404
[debug] [2024-12-01T12:58:11.544Z] <<< [apiv2][body] GET https://api.github.com/repos/BirdNet-Web/actions/secrets/public-key {"message":"Not Found","documentation_url":"https://docs.github.com/rest","status":"404"}
[info] 
[info] 
[error] !  The provided authorization cannot be used with this repository. If this repository is in an organization, did you remember to grant access? 
[info] 
[info] i  Action required: Visit this URL to ensure access has been granted to the appropriate organization(s) for the Firebase CLI GitHub OAuth App: 
[info] https://github.com/settings/connections/applications/89cf50f02ac6aaed3484
[info] 
[debug] [2024-12-01T12:58:15.170Z] >>> [apiv2][query] GET https://api.github.com/repos/BirdNet-Web/actions/secrets/public-key type=owner
[debug] [2024-12-01T12:58:15.329Z] <<< [apiv2][status] GET https://api.github.com/repos/BirdNet-Web/actions/secrets/public-key 404
[debug] [2024-12-01T12:58:15.329Z] <<< [apiv2][body] GET https://api.github.com/repos/BirdNet-Web/actions/secrets/public-key {"message":"Not Found","documentation_url":"https://docs.github.com/rest","status":"404"}
[info] 
[info] 
[error] !  The provided authorization cannot be used with this repository. If this repository is in an organization, did you remember to grant access? 
[info] 
[info] i  Action required: Visit this URL to ensure access has been granted to the appropriate organization(s) for the Firebase CLI GitHub OAuth App: 
[info] https://github.com/settings/connections/applications/89cf50f02ac6aaed3484
[info] 
[debug] [2024-12-01T12:59:20.201Z] >>> [apiv2][query] GET https://api.github.com/repos/BirdNet-Web/actions/secrets/public-key type=owner
[debug] [2024-12-01T12:59:20.395Z] <<< [apiv2][status] GET https://api.github.com/repos/BirdNet-Web/actions/secrets/public-key 401
[debug] [2024-12-01T12:59:20.395Z] <<< [apiv2][body] GET https://api.github.com/repos/BirdNet-Web/actions/secrets/public-key {"message":"Bad credentials","documentation_url":"https://docs.github.com/rest","status":"401"}
[debug] [2024-12-01T12:59:22.096Z] >>> [apiv2][query] GET https://api.github.com/repos/BirdNet-Web/actions/secrets/public-key type=owner
[debug] [2024-12-01T12:59:22.227Z] <<< [apiv2][status] GET https://api.github.com/repos/BirdNet-Web/actions/secrets/public-key 401
[debug] [2024-12-01T12:59:22.227Z] <<< [apiv2][body] GET https://api.github.com/repos/BirdNet-Web/actions/secrets/public-key {"message":"Bad credentials","documentation_url":"https://docs.github.com/rest","status":"401"}
[debug] [2024-12-01T12:59:25.059Z] >>> [apiv2][query] GET https://api.github.com/repos/BirdNet-Web/actions/secrets/public-key type=owner
[debug] [2024-12-01T12:59:25.203Z] <<< [apiv2][status] GET https://api.github.com/repos/BirdNet-Web/actions/secrets/public-key 401
[debug] [2024-12-01T12:59:25.203Z] <<< [apiv2][body] GET https://api.github.com/repos/BirdNet-Web/actions/secrets/public-key {"message":"Bad credentials","documentation_url":"https://docs.github.com/rest","status":"401"}
[debug] [2024-12-01T12:59:25.307Z] >>> [apiv2][query] GET https://api.github.com/repos/BirdNet-Web/actions/secrets/public-key type=owner
[debug] [2024-12-01T12:59:25.445Z] <<< [apiv2][status] GET https://api.github.com/repos/BirdNet-Web/actions/secrets/public-key 401
[debug] [2024-12-01T12:59:25.446Z] <<< [apiv2][body] GET https://api.github.com/repos/BirdNet-Web/actions/secrets/public-key {"message":"Bad credentials","documentation_url":"https://docs.github.com/rest","status":"401"}
[debug] [2024-12-01T12:59:25.540Z] >>> [apiv2][query] GET https://api.github.com/repos/BirdNet-Web/actions/secrets/public-key type=owner
[debug] [2024-12-01T12:59:25.680Z] <<< [apiv2][status] GET https://api.github.com/repos/BirdNet-Web/actions/secrets/public-key 401
[debug] [2024-12-01T12:59:25.681Z] <<< [apiv2][body] GET https://api.github.com/repos/BirdNet-Web/actions/secrets/public-key {"message":"Bad credentials","documentation_url":"https://docs.github.com/rest","status":"401"}
[debug] [2024-12-01T12:59:28.194Z] >>> [apiv2][query] GET https://api.github.com/repos//actions/secrets/public-key type=owner
[debug] [2024-12-01T12:59:28.335Z] <<< [apiv2][status] GET https://api.github.com/repos//actions/secrets/public-key 401
[debug] [2024-12-01T12:59:28.335Z] <<< [apiv2][body] GET https://api.github.com/repos//actions/secrets/public-key {"message":"Bad credentials","documentation_url":"https://docs.github.com/rest","status":"401"}
[debug] [2024-12-01T12:59:28.533Z] >>> [apiv2][query] GET https://api.github.com/repos//actions/secrets/public-key type=owner
[debug] [2024-12-01T12:59:28.657Z] <<< [apiv2][status] GET https://api.github.com/repos//actions/secrets/public-key 401
[debug] [2024-12-01T12:59:28.657Z] <<< [apiv2][body] GET https://api.github.com/repos//actions/secrets/public-key {"message":"Bad credentials","documentation_url":"https://docs.github.com/rest","status":"401"}
[debug] [2024-12-01T12:59:28.850Z] >>> [apiv2][query] GET https://api.github.com/repos//actions/secrets/public-key type=owner
[debug] [2024-12-01T12:59:29.023Z] <<< [apiv2][status] GET https://api.github.com/repos//actions/secrets/public-key 401
[debug] [2024-12-01T12:59:29.023Z] <<< [apiv2][body] GET https://api.github.com/repos//actions/secrets/public-key {"message":"Bad credentials","documentation_url":"https://docs.github.com/rest","status":"401"}
[debug] [2024-12-01T13:00:55.202Z] >>> [apiv2][query] GET https://api.github.com/repos//actions/secrets/public-key type=owner
[debug] [2024-12-01T13:00:55.403Z] <<< [apiv2][status] GET https://api.github.com/repos//actions/secrets/public-key 401
[debug] [2024-12-01T13:00:55.404Z] <<< [apiv2][body] GET https://api.github.com/repos//actions/secrets/public-key {"message":"Bad credentials","documentation_url":"https://docs.github.com/rest","status":"401"}
[debug] [2024-12-01T13:00:55.484Z] >>> [apiv2][query] GET https://api.github.com/repos//actions/secrets/public-key type=owner
[debug] [2024-12-01T13:00:55.631Z] <<< [apiv2][status] GET https://api.github.com/repos//actions/secrets/public-key 401
[debug] [2024-12-01T13:00:55.631Z] <<< [apiv2][body] GET https://api.github.com/repos//actions/secrets/public-key {"message":"Bad credentials","documentation_url":"https://docs.github.com/rest","status":"401"}
[debug] [2024-12-01T13:00:55.746Z] >>> [apiv2][query] GET https://api.github.com/repos//actions/secrets/public-key type=owner
[debug] [2024-12-01T13:00:55.891Z] <<< [apiv2][status] GET https://api.github.com/repos//actions/secrets/public-key 401
[debug] [2024-12-01T13:00:55.892Z] <<< [apiv2][body] GET https://api.github.com/repos//actions/secrets/public-key {"message":"Bad credentials","documentation_url":"https://docs.github.com/rest","status":"401"}
[debug] [2024-12-01T13:00:56.009Z] >>> [apiv2][query] GET https://api.github.com/repos//actions/secrets/public-key type=owner
[debug] [2024-12-01T13:00:56.144Z] <<< [apiv2][status] GET https://api.github.com/repos//actions/secrets/public-key 401
[debug] [2024-12-01T13:00:56.144Z] <<< [apiv2][body] GET https://api.github.com/repos//actions/secrets/public-key {"message":"Bad credentials","documentation_url":"https://docs.github.com/rest","status":"401"}
[debug] [2024-12-01T13:00:56.283Z] >>> [apiv2][query] GET https://api.github.com/repos//actions/secrets/public-key type=owner
[debug] [2024-12-01T13:00:56.414Z] <<< [apiv2][status] GET https://api.github.com/repos//actions/secrets/public-key 401
[debug] [2024-12-01T13:00:56.415Z] <<< [apiv2][body] GET https://api.github.com/repos//actions/secrets/public-key {"message":"Bad credentials","documentation_url":"https://docs.github.com/rest","status":"401"}
[debug] [2024-12-01T13:01:44.301Z] >>> [apiv2][query] GET https://api.github.com/repos/ll/actions/secrets/public-key type=owner
[debug] [2024-12-01T13:01:44.515Z] <<< [apiv2][status] GET https://api.github.com/repos/ll/actions/secrets/public-key 401
[debug] [2024-12-01T13:01:44.515Z] <<< [apiv2][body] GET https://api.github.com/repos/ll/actions/secrets/public-key {"message":"Bad credentials","documentation_url":"https://docs.github.com/rest","status":"401"}
[debug] [2024-12-01T13:01:45.283Z] >>> [apiv2][query] GET https://api.github.com/repos/ll/actions/secrets/public-key type=owner
[debug] [2024-12-01T13:01:45.426Z] <<< [apiv2][status] GET https://api.github.com/repos/ll/actions/secrets/public-key 401
[debug] [2024-12-01T13:01:45.426Z] <<< [apiv2][body] GET https://api.github.com/repos/ll/actions/secrets/public-key {"message":"Bad credentials","documentation_url":"https://docs.github.com/rest","status":"401"}
[debug] [2024-12-01T13:01:45.709Z] >>> [apiv2][query] GET https://api.github.com/repos/ll/actions/secrets/public-key type=owner
[debug] [2024-12-01T13:01:45.870Z] <<< [apiv2][status] GET https://api.github.com/repos/ll/actions/secrets/public-key 401
[debug] [2024-12-01T13:01:45.871Z] <<< [apiv2][body] GET https://api.github.com/repos/ll/actions/secrets/public-key {"message":"Bad credentials","documentation_url":"https://docs.github.com/rest","status":"401"}
[debug] [2024-12-01T13:01:47.792Z] >>> [apiv2][query] GET https://api.github.com/repos/   /actions/secrets/public-key type=owner
[debug] [2024-12-01T13:01:47.938Z] <<< [apiv2][status] GET https://api.github.com/repos/   /actions/secrets/public-key 401
[debug] [2024-12-01T13:01:47.938Z] <<< [apiv2][body] GET https://api.github.com/repos/   /actions/secrets/public-key {"message":"Bad credentials","documentation_url":"https://docs.github.com/rest","status":"401"}
[debug] [2024-12-01T13:01:48.082Z] >>> [apiv2][query] GET https://api.github.com/repos/   /actions/secrets/public-key type=owner
[debug] [2024-12-01T13:01:48.219Z] <<< [apiv2][status] GET https://api.github.com/repos/   /actions/secrets/public-key 401
[debug] [2024-12-01T13:01:48.220Z] <<< [apiv2][body] GET https://api.github.com/repos/   /actions/secrets/public-key {"message":"Bad credentials","documentation_url":"https://docs.github.com/rest","status":"401"}
[debug] [2024-12-01T13:01:48.329Z] >>> [apiv2][query] GET https://api.github.com/repos/   /actions/secrets/public-key type=owner
[debug] [2024-12-01T13:01:48.477Z] <<< [apiv2][status] GET https://api.github.com/repos/   /actions/secrets/public-key 401
[debug] [2024-12-01T13:01:48.478Z] <<< [apiv2][body] GET https://api.github.com/repos/   /actions/secrets/public-key {"message":"Bad credentials","documentation_url":"https://docs.github.com/rest","status":"401"}
[debug] [2024-12-01T13:01:48.517Z] >>> [apiv2][query] GET https://api.github.com/repos/   /actions/secrets/public-key type=owner
[debug] [2024-12-01T13:01:48.658Z] <<< [apiv2][status] GET https://api.github.com/repos/   /actions/secrets/public-key 401
[debug] [2024-12-01T13:01:48.658Z] <<< [apiv2][body] GET https://api.github.com/repos/   /actions/secrets/public-key {"message":"Bad credentials","documentation_url":"https://docs.github.com/rest","status":"401"}
[debug] [2024-12-01T13:01:48.688Z] >>> [apiv2][query] GET https://api.github.com/repos/   /actions/secrets/public-key type=owner
[debug] [2024-12-01T13:01:48.833Z] <<< [apiv2][status] GET https://api.github.com/repos/   /actions/secrets/public-key 401
[debug] [2024-12-01T13:01:48.833Z] <<< [apiv2][body] GET https://api.github.com/repos/   /actions/secrets/public-key {"message":"Bad credentials","documentation_url":"https://docs.github.com/rest","status":"401"}
[debug] [2024-12-01T13:01:54.039Z] ----------------------------------------------------------------------
[debug] [2024-12-01T13:01:54.042Z] Command:       C:\Program Files\nodejs\node.exe C:\Users\sarda\AppData\Roaming\npm\node_modules\firebase-tools\lib\bin\firebase.js init
[debug] [2024-12-01T13:01:54.042Z] CLI Version:   13.27.0
[debug] [2024-12-01T13:01:54.043Z] Platform:      win32
[debug] [2024-12-01T13:01:54.043Z] Node Version:  v20.17.0
[debug] [2024-12-01T13:01:54.043Z] Time:          Sun Dec 01 2024 17:01:54 GMT+0400 (Armenia Standard Time)
[debug] [2024-12-01T13:01:54.043Z] ----------------------------------------------------------------------
[debug] 
[debug] [2024-12-01T13:01:54.049Z] > command requires scopes: ["email","openid","https://www.googleapis.com/auth/cloudplatformprojects.readonly","https://www.googleapis.com/auth/firebase","https://www.googleapis.com/auth/cloud-platform"]
[debug] [2024-12-01T13:01:54.049Z] > authorizing via signed-in user (sardaryanhrant@gmail.com)
[info] 
     ######## #### ########  ######## ########     ###     ######  ########
     ##        ##  ##     ## ##       ##     ##  ##   ##  ##       ##
     ######    ##  ########  ######   ########  #########  ######  ######
     ##        ##  ##    ##  ##       ##     ## ##     ##       ## ##
     ##       #### ##     ## ######## ########  ##     ##  ######  ########

You're about to initialize a Firebase project in this directory:

  D:\web\BirdNet

[info] 
=== Project Setup
[info] 
[info] First, let's associate this project directory with a Firebase project.
[info] You can create multiple project aliases by running firebase use --add, 
[info] but for now we'll just set up a default project.
[info] 
[debug] [2024-12-01T13:02:03.052Z] Checked if tokens are valid: true, expires at: 1733061000990
[debug] [2024-12-01T13:02:03.053Z] Checked if tokens are valid: true, expires at: 1733061000990
[debug] [2024-12-01T13:02:03.054Z] >>> [apiv2][query] GET https://firebase.googleapis.com/v1beta1/projects pageSize=100
[debug] [2024-12-01T13:02:03.660Z] <<< [apiv2][status] GET https://firebase.googleapis.com/v1beta1/projects 200
[debug] [2024-12-01T13:02:03.660Z] <<< [apiv2][body] GET https://firebase.googleapis.com/v1beta1/projects [omitted]
[info] i  Using project birdnet-a0fff (BirdNet) 
[info] 
=== Hosting Setup
[debug] [2024-12-01T13:02:05.654Z] Checked if tokens are valid: true, expires at: 1733061000990
[debug] [2024-12-01T13:02:05.654Z] Checked if tokens are valid: true, expires at: 1733061000990
[debug] [2024-12-01T13:02:05.654Z] >>> [apiv2][query] GET https://firebase.googleapis.com/v1beta1/projects/birdnet-a0fff [none]
[debug] [2024-12-01T13:02:06.057Z] <<< [apiv2][status] GET https://firebase.googleapis.com/v1beta1/projects/birdnet-a0fff 200
[debug] [2024-12-01T13:02:06.057Z] <<< [apiv2][body] GET https://firebase.googleapis.com/v1beta1/projects/birdnet-a0fff {"projectId":"birdnet-a0fff","projectNumber":"357557193923","displayName":"BirdNet","name":"projects/birdnet-a0fff","resources":{"hostingSite":"birdnet-a0fff"},"state":"ACTIVE","etag":"1_16bb7cd7-56cc-4130-974b-5f65b979302e"}
[info] 
[info] Your public directory is the folder (relative to your project directory) that
[info] will contain Hosting assets to be uploaded with firebase deploy. If you
[info] have a build process for your assets, use your build's output directory.
[info] 
